TN:
SF:backend/src/app.js
FN:18,(anonymous_0)
FN:30,(anonymous_1)
FN:33,(anonymous_2)
FN:61,(anonymous_3)
FNF:4
FNH:2
FNDA:0,(anonymous_0)
FNDA:60,(anonymous_1)
FNDA:60,(anonymous_2)
FNDA:0,(anonymous_3)
DA:14,1
DA:16,1
DA:18,1
DA:19,0
DA:23,1
DA:24,1
DA:26,1
DA:31,60
DA:34,60
DA:40,1
DA:48,1
DA:49,1
DA:52,1
DA:53,1
DA:56,1
DA:57,1
DA:58,1
DA:61,1
DA:62,0
DA:63,0
LF:20
LH:17
BRDA:62,0,0,0
BRDA:62,0,1,0
BRF:2
BRH:0
end_of_record
TN:
SF:backend/src/controllers/bookingController.js
FN:4,isOverlapError
FN:9,encodeCursor
FN:14,decodeCursor
FN:26,requestBooking
FN:44,(anonymous_4)
FN:77,approveBooking
FN:89,(anonymous_6)
FN:98,(anonymous_7)
FN:109,(anonymous_8)
FN:130,payBooking
FN:140,(anonymous_10)
FN:151,completeBooking
FN:168,cancelBooking
FN:188,listMyBookings
FN:214,listVehicleBookings
FN:242,(anonymous_15)
FN:247,(anonymous_16)
FNF:17
FNH:13
FNDA:4,isOverlapError
FNDA:4,encodeCursor
FNDA:2,decodeCursor
FNDA:24,requestBooking
FNDA:22,(anonymous_4)
FNDA:17,approveBooking
FNDA:0,(anonymous_6)
FNDA:14,(anonymous_7)
FNDA:0,(anonymous_8)
FNDA:7,payBooking
FNDA:4,(anonymous_10)
FNDA:2,completeBooking
FNDA:4,cancelBooking
FNDA:4,listMyBookings
FNDA:2,listVehicleBookings
FNDA:0,(anonymous_15)
FNDA:0,(anonymous_16)
DA:5,4
DA:6,4
DA:10,4
DA:11,4
DA:12,4
DA:15,2
DA:16,2
DA:17,2
DA:18,1
DA:21,1
DA:23,0
DA:27,24
DA:28,24
DA:29,24
DA:30,24
DA:31,0
DA:32,24
DA:33,24
DA:34,0
DA:36,24
DA:37,24
DA:38,23
DA:39,23
DA:40,23
DA:41,1
DA:42,22
DA:43,22
DA:44,22
DA:45,22
DA:59,22
DA:70,0
DA:71,0
DA:72,0
DA:73,0
DA:78,17
DA:79,17
DA:80,17
DA:81,17
DA:82,17
DA:83,17
DA:84,17
DA:85,17
DA:86,17
DA:87,17
DA:89,0
DA:90,0
DA:93,17
DA:94,16
DA:95,16
DA:96,15
DA:97,14
DA:98,14
DA:99,14
DA:100,10
DA:101,10
DA:103,10
DA:104,10
DA:106,4
DA:107,0
DA:108,0
DA:109,0
DA:110,0
DA:111,0
DA:112,0
DA:114,0
DA:115,0
DA:117,0
DA:118,0
DA:119,0
DA:122,0
DA:125,0
DA:126,0
DA:131,7
DA:132,7
DA:133,7
DA:134,7
DA:135,7
DA:136,7
DA:137,7
DA:138,7
DA:139,6
DA:140,4
DA:141,4
DA:142,4
DA:144,4
DA:146,0
DA:147,0
DA:152,2
DA:153,2
DA:154,2
DA:155,2
DA:156,2
DA:157,2
DA:158,2
DA:159,2
DA:160,1
DA:161,1
DA:163,0
DA:164,0
DA:169,4
DA:170,4
DA:171,4
DA:172,4
DA:173,4
DA:174,4
DA:175,4
DA:176,4
DA:177,4
DA:178,4
DA:179,3
DA:180,2
DA:181,2
DA:183,0
DA:184,0
DA:189,4
DA:190,4
DA:191,4
DA:192,4
DA:193,4
DA:194,4
DA:195,4
DA:196,4
DA:197,4
DA:198,4
DA:199,2
DA:200,2
DA:201,1
DA:204,4
DA:205,4
DA:206,4
DA:207,4
DA:209,0
DA:210,0
DA:215,2
DA:216,2
DA:217,2
DA:218,2
DA:219,2
DA:220,2
DA:221,2
DA:222,2
DA:223,1
DA:224,1
DA:225,1
DA:226,1
DA:227,1
DA:228,0
DA:229,0
DA:230,0
DA:233,1
DA:234,1
DA:235,1
DA:237,0
DA:238,0
DA:242,1
DA:243,0
DA:244,0
DA:245,0
DA:247,1
DA:248,0
DA:249,0
DA:250,0
LF:162
LH:120
BRDA:5,0,0,4
BRDA:5,0,1,0
BRDA:10,1,0,0
BRDA:10,1,1,4
BRDA:11,2,0,4
BRDA:11,2,1,0
BRDA:18,3,0,1
BRDA:18,3,1,0
BRDA:18,4,0,1
BRDA:18,4,1,1
BRDA:18,4,2,1
BRDA:30,5,0,0
BRDA:30,5,1,24
BRDA:33,6,0,0
BRDA:33,6,1,24
BRDA:33,7,0,24
BRDA:33,7,1,24
BRDA:33,7,2,24
BRDA:37,8,0,1
BRDA:37,8,1,23
BRDA:40,9,0,1
BRDA:40,9,1,22
BRDA:40,10,0,23
BRDA:40,10,1,23
BRDA:40,10,2,23
BRDA:53,11,0,22
BRDA:53,11,1,21
BRDA:54,12,0,22
BRDA:54,12,1,21
BRDA:71,13,0,0
BRDA:71,13,1,0
BRDA:81,14,0,0
BRDA:81,14,1,17
BRDA:89,15,0,0
BRDA:89,15,1,0
BRDA:89,16,0,0
BRDA:89,16,1,0
BRDA:93,17,0,1
BRDA:93,17,1,16
BRDA:95,18,0,1
BRDA:95,18,1,15
BRDA:96,19,0,1
BRDA:96,19,1,14
BRDA:100,20,0,0
BRDA:100,20,1,10
BRDA:103,21,0,0
BRDA:103,21,1,10
BRDA:106,22,0,4
BRDA:106,22,1,0
BRDA:107,23,0,0
BRDA:107,23,1,0
BRDA:111,24,0,0
BRDA:111,24,1,0
BRDA:114,25,0,0
BRDA:114,25,1,0
BRDA:117,26,0,0
BRDA:117,26,1,0
BRDA:134,27,0,0
BRDA:134,27,1,7
BRDA:137,28,0,0
BRDA:137,28,1,7
BRDA:138,29,0,1
BRDA:138,29,1,6
BRDA:139,30,0,2
BRDA:139,30,1,4
BRDA:155,31,0,0
BRDA:155,31,1,2
BRDA:158,32,0,0
BRDA:158,32,1,2
BRDA:159,33,0,1
BRDA:159,33,1,1
BRDA:172,34,0,0
BRDA:172,34,1,4
BRDA:175,35,0,0
BRDA:175,35,1,4
BRDA:178,36,0,1
BRDA:178,36,1,3
BRDA:178,37,0,4
BRDA:178,37,1,3
BRDA:179,38,0,1
BRDA:179,38,1,2
BRDA:192,39,0,0
BRDA:192,39,1,4
BRDA:194,40,0,4
BRDA:194,40,1,1
BRDA:195,41,0,1
BRDA:195,41,1,3
BRDA:198,42,0,2
BRDA:198,42,1,2
BRDA:200,43,0,1
BRDA:200,43,1,1
BRDA:206,44,0,3
BRDA:206,44,1,1
BRDA:218,45,0,0
BRDA:218,45,1,2
BRDA:221,46,0,0
BRDA:221,46,1,2
BRDA:222,47,0,1
BRDA:222,47,1,1
BRDA:223,48,0,1
BRDA:223,48,1,1
BRDA:224,49,0,0
BRDA:224,49,1,1
BRDA:227,50,0,0
BRDA:227,50,1,1
BRDA:229,51,0,0
BRDA:229,51,1,0
BRDA:234,52,0,1
BRDA:234,52,1,0
BRF:109
BRH:71
end_of_record
TN:
SF:backend/src/controllers/carController.js
FN:5,__setPrismaForTest
FN:11,(anonymous_1)
FN:19,(anonymous_2)
FN:30,(anonymous_3)
FN:43,(anonymous_4)
FN:62,(anonymous_5)
FNF:6
FNH:6
FNDA:2,__setPrismaForTest
FNDA:2,(anonymous_1)
FNDA:2,(anonymous_2)
FNDA:2,(anonymous_3)
FNDA:2,(anonymous_4)
FNDA:2,(anonymous_5)
DA:6,2
DA:11,3
DA:12,2
DA:13,2
DA:14,2
DA:15,2
DA:19,2
DA:23,2
DA:25,0
DA:30,3
DA:31,2
DA:32,2
DA:33,2
DA:34,1
DA:36,1
DA:43,3
DA:44,2
DA:45,2
DA:46,2
DA:47,2
DA:50,2
DA:51,1
DA:53,1
DA:55,0
DA:62,3
DA:63,2
DA:64,2
DA:65,2
DA:66,2
DA:68,2
DA:78,1
DA:80,1
LF:32
LH:30
BRDA:50,0,0,1
BRDA:50,0,1,1
BRF:2
BRH:2
end_of_record
TN:
SF:backend/src/middleware/testAuthShim.js
FN:2,testAuthShim
FNF:1
FNH:1
FNDA:60,testAuthShim
DA:3,60
DA:4,60
DA:5,60
DA:7,60
LF:4
LH:4
BRDA:4,0,0,60
BRDA:4,0,1,0
BRF:2
BRH:1
end_of_record
TN:
SF:backend/src/models/prisma.js
FN:6,getPrisma
FN:11,setPrismaForTest
FNF:2
FNH:2
FNDA:68,getPrisma
FNDA:2,setPrismaForTest
DA:4,3
DA:7,68
DA:12,2
LF:3
LH:3
BRF:0
BRH:0
end_of_record
TN:
SF:backend/src/routes/bookingRoutes.js
FNF:0
FNH:0
DA:12,1
DA:13,1
DA:16,1
DA:17,1
DA:18,1
DA:19,1
DA:20,1
DA:21,1
DA:22,1
LF:9
LH:9
BRF:0
BRH:0
end_of_record
TN:
SF:backend/src/routes/carRoutes.js
FNF:0
FNH:0
DA:10,1
DA:15,1
DA:18,1
DA:21,1
DA:26,1
LF:5
LH:5
BRF:0
BRH:0
end_of_record
TN:
SF:scripts/archive-messages.js
FN:6,main
FNF:1
FNH:1
FNDA:3,main
DA:2,3
DA:4,3
DA:7,3
DA:8,3
DA:9,3
DA:12,3
DA:20,3
DA:21,3
DA:22,2
DA:24,2
DA:29,2
DA:30,2
DA:31,2
DA:33,1
DA:34,1
DA:35,1
DA:36,1
DA:38,3
DA:42,3
DA:43,0
DA:46,3
LF:21
LH:20
BRDA:34,0,0,1
BRDA:34,0,1,0
BRDA:34,1,0,1
BRDA:34,1,1,1
BRDA:42,2,0,0
BRDA:42,2,1,3
BRF:6
BRH:4
end_of_record
