TN:
SF:backend/src/app.js
FN:21,(anonymous_0)
FN:33,(anonymous_1)
FN:41,(anonymous_2)
FNF:3
FNH:0
FNDA:0,(anonymous_0)
FNDA:0,(anonymous_1)
FNDA:0,(anonymous_2)
DA:1,1
DA:2,1
DA:3,1
DA:5,1
DA:6,1
DA:7,1
DA:8,1
DA:9,1
DA:10,1
DA:11,1
DA:12,1
DA:13,1
DA:15,1
DA:17,1
DA:18,1
DA:19,1
DA:21,1
DA:22,0
DA:25,1
DA:26,1
DA:27,1
DA:28,1
DA:29,1
DA:30,1
DA:31,1
DA:33,1
DA:34,0
DA:35,0
DA:41,1
DA:42,0
DA:45,1
LF:31
LH:27
BRDA:35,0,0,0
BRDA:35,0,1,0
BRDA:36,1,0,0
BRDA:36,1,1,0
BRDA:37,2,0,0
BRDA:37,2,1,0
BRF:6
BRH:0
end_of_record
TN:
SF:backend/src/controllers/authController.js
FN:5,(anonymous_0)
FN:70,(anonymous_1)
FN:93,(anonymous_2)
FNF:3
FNH:0
FNDA:0,(anonymous_0)
FNDA:0,(anonymous_1)
FNDA:0,(anonymous_2)
DA:1,1
DA:2,1
DA:3,1
DA:5,1
DA:6,0
DA:7,0
DA:9,0
DA:10,0
DA:13,0
DA:21,0
DA:22,0
DA:26,0
DA:27,0
DA:28,0
DA:34,0
DA:36,0
DA:37,0
DA:40,0
DA:41,0
DA:44,0
DA:50,0
DA:64,0
DA:66,0
DA:70,1
DA:71,0
DA:72,0
DA:74,0
DA:87,0
DA:89,0
DA:93,1
DA:94,0
DA:95,0
DA:96,0
DA:99,0
DA:100,0
DA:106,0
DA:107,0
DA:108,0
DA:112,0
DA:113,0
DA:117,0
DA:118,0
DA:122,0
DA:126,0
DA:127,0
DA:131,0
DA:134,0
DA:137,0
DA:152,0
DA:153,0
DA:162,0
DA:171,0
DA:178,0
DA:192,0
DA:194,0
DA:199,1
LF:56
LH:7
BRDA:9,0,0,0
BRDA:9,0,1,0
BRDA:9,1,0,0
BRDA:9,1,1,0
BRDA:21,2,0,0
BRDA:21,2,1,0
BRDA:26,3,0,0
BRDA:26,3,1,0
BRDA:27,4,0,0
BRDA:27,4,1,0
BRDA:36,5,0,0
BRDA:36,5,1,0
BRDA:40,6,0,0
BRDA:40,6,1,0
BRDA:46,7,0,0
BRDA:46,7,1,0
BRDA:53,8,0,0
BRDA:53,8,1,0
BRDA:53,9,0,0
BRDA:53,9,1,0
BRDA:53,10,0,0
BRDA:53,10,1,0
BRDA:77,11,0,0
BRDA:77,11,1,0
BRDA:77,12,0,0
BRDA:77,12,1,0
BRDA:77,13,0,0
BRDA:77,13,1,0
BRDA:99,14,0,0
BRDA:99,14,1,0
BRDA:99,15,0,0
BRDA:99,15,1,0
BRDA:99,15,2,0
BRDA:99,15,3,0
BRDA:99,15,4,0
BRDA:107,16,0,0
BRDA:107,16,1,0
BRDA:112,17,0,0
BRDA:112,17,1,0
BRDA:117,18,0,0
BRDA:117,18,1,0
BRDA:126,19,0,0
BRDA:126,19,1,0
BRDA:134,20,0,0
BRDA:134,20,1,0
BRDA:141,21,0,0
BRDA:141,21,1,0
BRDA:146,22,0,0
BRDA:146,22,1,0
BRDA:152,23,0,0
BRDA:152,23,1,0
BRDA:156,24,0,0
BRDA:156,24,1,0
BRDA:173,25,0,0
BRDA:173,25,1,0
BRF:55
BRH:0
end_of_record
TN:
SF:backend/src/controllers/bookingController.js
FN:3,(anonymous_0)
FN:90,(anonymous_1)
FN:172,(anonymous_2)
FN:243,(anonymous_3)
FN:305,(anonymous_4)
FN:372,(anonymous_5)
FN:421,(anonymous_6)
FN:455,(anonymous_7)
FN:507,(anonymous_8)
FNF:9
FNH:7
FNDA:24,(anonymous_0)
FNDA:0,(anonymous_1)
FNDA:0,(anonymous_2)
FNDA:17,(anonymous_3)
FNDA:7,(anonymous_4)
FNDA:4,(anonymous_5)
FNDA:2,(anonymous_6)
FNDA:4,(anonymous_7)
FNDA:2,(anonymous_8)
DA:1,1
DA:3,1
DA:4,24
DA:5,24
DA:15,24
DA:17,24
DA:19,24
DA:20,0
DA:24,24
DA:25,24
DA:26,24
DA:27,1
DA:31,23
DA:35,23
DA:36,1
DA:39,22
DA:40,0
DA:47,22
DA:48,22
DA:50,22
DA:72,22
DA:86,0
DA:90,1
DA:91,0
DA:92,0
DA:93,0
DA:95,0
DA:124,0
DA:125,0
DA:129,0
DA:130,0
DA:132,0
DA:133,0
DA:136,0
DA:168,0
DA:172,1
DA:173,0
DA:174,0
DA:175,0
DA:176,0
DA:178,0
DA:186,0
DA:187,0
DA:190,0
DA:191,0
DA:194,0
DA:195,0
DA:198,0
DA:199,0
DA:203,0
DA:216,0
DA:217,0
DA:218,0
DA:219,0
DA:221,0
DA:222,0
DA:228,0
DA:239,0
DA:243,1
DA:244,17
DA:245,17
DA:246,17
DA:248,17
DA:259,17
DA:260,1
DA:264,16
DA:266,16
DA:267,1
DA:271,15
DA:272,1
DA:276,14
DA:290,14
DA:291,4
DA:294,10
DA:299,10
DA:301,0
DA:305,1
DA:306,7
DA:307,7
DA:308,7
DA:310,7
DA:314,7
DA:315,0
DA:319,7
DA:320,1
DA:324,6
DA:325,1
DA:328,5
DA:329,0
DA:333,5
DA:334,1
DA:337,1
DA:338,1
DA:344,4
DA:345,0
DA:349,4
DA:355,4
DA:366,4
DA:368,0
DA:372,1
DA:373,4
DA:374,4
DA:375,4
DA:377,4
DA:388,4
DA:389,0
DA:393,4
DA:394,4
DA:396,4
DA:397,1
DA:401,3
DA:402,1
DA:406,2
DA:407,0
DA:410,2
DA:415,2
DA:417,0
DA:421,1
DA:422,2
DA:423,2
DA:424,2
DA:426,2
DA:430,2
DA:431,0
DA:435,2
DA:436,0
DA:440,2
DA:441,1
DA:444,1
DA:449,1
DA:451,0
DA:455,1
DA:456,4
DA:457,4
DA:458,4
DA:460,4
DA:461,4
DA:462,1
DA:465,4
DA:466,4
DA:467,2
DA:468,2
DA:469,2
DA:470,1
DA:471,1
DA:481,4
DA:488,4
DA:489,4
DA:490,4
DA:494,4
DA:503,0
DA:507,1
DA:508,2
DA:509,2
DA:510,2
DA:512,2
DA:517,2
DA:518,0
DA:522,2
DA:524,2
DA:525,1
DA:528,1
DA:533,1
DA:535,0
DA:539,1
LF:165
LH:114
BRDA:17,0,0,24
BRDA:17,0,1,0
BRDA:19,1,0,0
BRDA:19,1,1,24
BRDA:19,2,0,24
BRDA:19,2,1,24
BRDA:19,2,2,24
BRDA:26,3,0,1
BRDA:26,3,1,23
BRDA:35,4,0,1
BRDA:35,4,1,22
BRDA:39,5,0,0
BRDA:39,5,1,22
BRDA:124,6,0,0
BRDA:124,6,1,0
BRDA:132,7,0,0
BRDA:132,7,1,0
BRDA:132,8,0,0
BRDA:132,8,1,0
BRDA:150,9,0,0
BRDA:150,9,1,0
BRDA:150,10,0,0
BRDA:150,10,1,0
BRDA:150,11,0,0
BRDA:150,11,1,0
BRDA:158,12,0,0
BRDA:158,12,1,0
BRDA:186,13,0,0
BRDA:186,13,1,0
BRDA:190,14,0,0
BRDA:190,14,1,0
BRDA:194,15,0,0
BRDA:194,15,1,0
BRDA:198,16,0,0
BRDA:198,16,1,0
BRDA:208,17,0,0
BRDA:208,17,1,0
BRDA:209,18,0,0
BRDA:209,18,1,0
BRDA:221,19,0,0
BRDA:221,19,1,0
BRDA:259,20,0,1
BRDA:259,20,1,16
BRDA:264,21,0,16
BRDA:264,21,1,16
BRDA:266,22,0,1
BRDA:266,22,1,15
BRDA:271,23,0,1
BRDA:271,23,1,14
BRDA:290,24,0,4
BRDA:290,24,1,10
BRDA:314,25,0,0
BRDA:314,25,1,7
BRDA:319,26,0,1
BRDA:319,26,1,6
BRDA:324,27,0,1
BRDA:324,27,1,5
BRDA:328,28,0,0
BRDA:328,28,1,5
BRDA:328,29,0,5
BRDA:328,29,1,5
BRDA:333,30,0,1
BRDA:333,30,1,4
BRDA:337,31,0,1
BRDA:337,31,1,0
BRDA:344,32,0,0
BRDA:344,32,1,4
BRDA:344,33,0,4
BRDA:344,33,1,0
BRDA:388,34,0,0
BRDA:388,34,1,4
BRDA:394,35,0,4
BRDA:394,35,1,4
BRDA:396,36,0,1
BRDA:396,36,1,3
BRDA:396,37,0,4
BRDA:396,37,1,2
BRDA:401,38,0,1
BRDA:401,38,1,2
BRDA:401,39,0,3
BRDA:401,39,1,2
BRDA:406,40,0,0
BRDA:406,40,1,2
BRDA:430,41,0,0
BRDA:430,41,1,2
BRDA:435,42,0,0
BRDA:435,42,1,2
BRDA:440,43,0,1
BRDA:440,43,1,1
BRDA:458,44,0,1
BRDA:461,45,0,1
BRDA:461,45,1,3
BRDA:466,46,0,2
BRDA:466,46,1,2
BRDA:470,47,0,1
BRDA:470,47,1,0
BRDA:489,48,0,3
BRDA:489,48,1,1
BRDA:490,49,0,3
BRDA:490,49,1,1
BRDA:517,50,0,0
BRDA:517,50,1,2
BRDA:522,51,0,2
BRDA:522,51,1,2
BRDA:524,52,0,1
BRDA:524,52,1,1
BRF:106
BRH:64
end_of_record
TN:
SF:backend/src/controllers/businessController.js
FN:3,(anonymous_0)
FN:49,(anonymous_1)
FN:62,(anonymous_2)
FN:67,(anonymous_3)
FN:98,(anonymous_4)
FN:144,(anonymous_5)
FN:174,(anonymous_6)
FN:203,(anonymous_7)
FN:217,(anonymous_8)
FN:233,(anonymous_9)
FN:264,(anonymous_10)
FNF:11
FNH:0
FNDA:0,(anonymous_0)
FNDA:0,(anonymous_1)
FNDA:0,(anonymous_2)
FNDA:0,(anonymous_3)
FNDA:0,(anonymous_4)
FNDA:0,(anonymous_5)
FNDA:0,(anonymous_6)
FNDA:0,(anonymous_7)
FNDA:0,(anonymous_8)
FNDA:0,(anonymous_9)
FNDA:0,(anonymous_10)
DA:1,1
DA:3,1
DA:4,0
DA:5,0
DA:7,0
DA:8,0
DA:11,0
DA:48,0
DA:50,0
DA:61,0
DA:62,0
DA:66,0
DA:67,0
DA:70,0
DA:71,0
DA:72,0
DA:73,0
DA:75,0
DA:92,0
DA:94,0
DA:98,1
DA:99,0
DA:100,0
DA:102,0
DA:127,0
DA:128,0
DA:132,0
DA:143,0
DA:144,0
DA:147,0
DA:170,0
DA:174,1
DA:175,0
DA:176,0
DA:178,0
DA:203,0
DA:217,0
DA:227,0
DA:229,0
DA:233,1
DA:234,0
DA:235,0
DA:237,0
DA:264,0
DA:274,0
DA:276,0
DA:280,1
LF:47
LH:6
BRDA:7,0,0,0
BRDA:7,0,1,0
BRDA:61,1,0,0
BRDA:61,1,1,0
BRDA:66,2,0,0
BRDA:66,2,1,0
BRDA:71,3,0,0
BRDA:71,3,1,0
BRDA:72,4,0,0
BRDA:72,4,1,0
BRDA:73,5,0,0
BRDA:73,5,1,0
BRDA:82,6,0,0
BRDA:82,6,1,0
BRDA:82,7,0,0
BRDA:82,7,1,0
BRDA:82,8,0,0
BRDA:82,8,1,0
BRDA:127,9,0,0
BRDA:127,9,1,0
BRDA:143,10,0,0
BRDA:143,10,1,0
BRDA:161,11,0,0
BRDA:161,11,1,0
BRDA:161,12,0,0
BRDA:161,12,1,0
BRDA:161,13,0,0
BRDA:161,13,1,0
BRDA:223,14,0,0
BRDA:223,14,1,0
BRDA:268,15,0,0
BRDA:268,15,1,0
BRDA:268,16,0,0
BRDA:268,16,1,0
BRDA:268,17,0,0
BRDA:268,17,1,0
BRF:36
BRH:0
end_of_record
TN:
SF:backend/src/controllers/carController.js
FN:3,(anonymous_0)
FN:69,(anonymous_1)
FN:93,(anonymous_2)
FN:108,(anonymous_3)
FNF:4
FNH:0
FNDA:0,(anonymous_0)
FNDA:0,(anonymous_1)
FNDA:0,(anonymous_2)
FNDA:0,(anonymous_3)
DA:1,1
DA:3,1
DA:4,0
DA:5,0
DA:7,0
DA:54,0
DA:55,0
DA:59,0
DA:68,0
DA:69,0
DA:73,0
DA:75,0
DA:93,0
DA:108,0
DA:118,0
DA:122,1
LF:16
LH:3
BRDA:54,0,0,0
BRDA:54,0,1,0
BRDA:68,1,0,0
BRDA:68,1,1,0
BRDA:73,2,0,0
BRDA:73,2,1,0
BRDA:104,3,0,0
BRDA:104,3,1,0
BRDA:104,4,0,0
BRDA:104,4,1,0
BRDA:104,5,0,0
BRDA:104,5,1,0
BRDA:112,6,0,0
BRDA:112,6,1,0
BRDA:112,7,0,0
BRDA:112,7,1,0
BRDA:112,8,0,0
BRDA:112,8,1,0
BRF:18
BRH:0
end_of_record
TN:
SF:backend/src/controllers/complaintController.js
FN:3,(anonymous_0)
FN:30,(anonymous_1)
FN:55,(anonymous_2)
FN:127,(anonymous_3)
FN:161,(anonymous_4)
FN:187,(anonymous_5)
FNF:6
FNH:0
FNDA:0,(anonymous_0)
FNDA:0,(anonymous_1)
FNDA:0,(anonymous_2)
FNDA:0,(anonymous_3)
FNDA:0,(anonymous_4)
FNDA:0,(anonymous_5)
DA:1,1
DA:3,1
DA:4,0
DA:5,0
DA:7,0
DA:30,0
DA:49,0
DA:51,0
DA:55,1
DA:56,0
DA:57,0
DA:58,0
DA:60,0
DA:61,0
DA:65,0
DA:80,0
DA:81,0
DA:85,0
DA:86,0
DA:88,0
DA:89,0
DA:93,0
DA:112,0
DA:123,0
DA:127,1
DA:128,0
DA:129,0
DA:131,0
DA:161,0
DA:181,0
DA:183,0
DA:187,1
DA:188,0
DA:189,0
DA:190,0
DA:192,0
DA:193,0
DA:197,0
DA:211,0
DA:212,0
DA:216,0
DA:217,0
DA:219,0
DA:220,0
DA:224,0
DA:243,0
DA:254,0
DA:258,1
LF:48
LH:6
BRDA:38,0,0,0
BRDA:38,0,1,0
BRDA:43,1,0,0
BRDA:43,1,1,0
BRDA:44,2,0,0
BRDA:44,2,1,0
BRDA:44,3,0,0
BRDA:44,3,1,0
BRDA:44,4,0,0
BRDA:44,4,1,0
BRDA:60,5,0,0
BRDA:60,5,1,0
BRDA:60,6,0,0
BRDA:60,6,1,0
BRDA:60,6,2,0
BRDA:60,6,3,0
BRDA:80,7,0,0
BRDA:80,7,1,0
BRDA:88,8,0,0
BRDA:88,8,1,0
BRDA:169,9,0,0
BRDA:169,9,1,0
BRDA:173,10,0,0
BRDA:173,10,1,0
BRDA:173,11,0,0
BRDA:173,11,1,0
BRDA:173,12,0,0
BRDA:173,12,1,0
BRDA:175,13,0,0
BRDA:175,13,1,0
BRDA:176,14,0,0
BRDA:176,14,1,0
BRDA:176,15,0,0
BRDA:176,15,1,0
BRDA:176,16,0,0
BRDA:176,16,1,0
BRDA:192,17,0,0
BRDA:192,17,1,0
BRDA:192,18,0,0
BRDA:192,18,1,0
BRDA:192,18,2,0
BRDA:192,18,3,0
BRDA:211,19,0,0
BRDA:211,19,1,0
BRDA:219,20,0,0
BRDA:219,20,1,0
BRF:46
BRH:0
end_of_record
TN:
SF:backend/src/controllers/customerController.js
FN:3,(anonymous_0)
FN:40,(anonymous_1)
FN:118,(anonymous_2)
FN:152,(anonymous_3)
FN:178,(anonymous_4)
FN:208,(anonymous_5)
FN:209,(anonymous_6)
FNF:7
FNH:0
FNDA:0,(anonymous_0)
FNDA:0,(anonymous_1)
FNDA:0,(anonymous_2)
FNDA:0,(anonymous_3)
FNDA:0,(anonymous_4)
FNDA:0,(anonymous_5)
FNDA:0,(anonymous_6)
DA:1,1
DA:3,1
DA:4,0
DA:5,0
DA:7,0
DA:14,0
DA:15,0
DA:18,0
DA:34,0
DA:36,0
DA:40,1
DA:41,0
DA:42,0
DA:43,0
DA:46,0
DA:56,0
DA:83,0
DA:90,0
DA:110,0
DA:111,0
DA:113,0
DA:114,0
DA:118,1
DA:119,0
DA:120,0
DA:121,0
DA:123,0
DA:124,0
DA:125,0
DA:128,0
DA:152,0
DA:172,0
DA:174,0
DA:178,1
DA:179,0
DA:180,0
DA:182,0
DA:207,0
DA:208,0
DA:209,0
DA:225,0
DA:227,0
DA:231,1
LF:43
LH:6
BRDA:14,0,0,0
BRDA:14,0,1,0
BRDA:21,1,0,0
BRDA:21,1,1,0
BRDA:21,2,0,0
BRDA:21,2,1,0
BRDA:21,3,0,0
BRDA:21,3,1,0
BRDA:93,4,0,0
BRDA:93,4,1,0
BRDA:93,5,0,0
BRDA:93,5,1,0
BRDA:93,6,0,0
BRDA:93,6,1,0
BRDA:124,7,0,0
BRDA:124,7,1,0
BRDA:124,8,0,0
BRDA:124,8,1,0
BRDA:168,9,0,0
BRDA:168,9,1,0
BRF:20
BRH:0
end_of_record
TN:
SF:backend/src/controllers/ownerController.js
FN:4,(anonymous_0)
FN:8,(anonymous_1)
FN:12,(anonymous_2)
FN:18,(anonymous_3)
FN:23,(anonymous_4)
FN:58,(anonymous_5)
FN:142,(anonymous_6)
FN:181,(anonymous_7)
FN:233,(anonymous_8)
FN:249,(anonymous_9)
FN:298,(anonymous_10)
FN:322,(anonymous_11)
FN:345,(anonymous_12)
FN:387,(anonymous_13)
FN:415,(anonymous_14)
FN:432,(anonymous_15)
FN:450,(anonymous_16)
FN:484,(anonymous_17)
FN:504,(anonymous_18)
FN:582,(anonymous_19)
FN:647,(anonymous_20)
FN:687,(anonymous_21)
FN:706,(anonymous_22)
FN:721,(anonymous_23)
FN:745,(anonymous_24)
FN:776,(anonymous_25)
FN:822,(anonymous_26)
FN:853,(anonymous_27)
FN:885,(anonymous_28)
FN:927,(anonymous_29)
FN:933,(anonymous_30)
FN:939,(anonymous_31)
FN:945,(anonymous_32)
FNF:33
FNH:0
FNDA:0,(anonymous_0)
FNDA:0,(anonymous_1)
FNDA:0,(anonymous_2)
FNDA:0,(anonymous_3)
FNDA:0,(anonymous_4)
FNDA:0,(anonymous_5)
FNDA:0,(anonymous_6)
FNDA:0,(anonymous_7)
FNDA:0,(anonymous_8)
FNDA:0,(anonymous_9)
FNDA:0,(anonymous_10)
FNDA:0,(anonymous_11)
FNDA:0,(anonymous_12)
FNDA:0,(anonymous_13)
FNDA:0,(anonymous_14)
FNDA:0,(anonymous_15)
FNDA:0,(anonymous_16)
FNDA:0,(anonymous_17)
FNDA:0,(anonymous_18)
FNDA:0,(anonymous_19)
FNDA:0,(anonymous_20)
FNDA:0,(anonymous_21)
FNDA:0,(anonymous_22)
FNDA:0,(anonymous_23)
FNDA:0,(anonymous_24)
FNDA:0,(anonymous_25)
FNDA:0,(anonymous_26)
FNDA:0,(anonymous_27)
FNDA:0,(anonymous_28)
FNDA:0,(anonymous_29)
FNDA:0,(anonymous_30)
FNDA:0,(anonymous_31)
FNDA:0,(anonymous_32)
DA:1,1
DA:4,1
DA:5,0
DA:8,1
DA:9,0
DA:12,1
DA:13,0
DA:14,0
DA:15,0
DA:18,1
DA:19,0
DA:20,0
DA:23,1
DA:24,0
DA:25,0
DA:27,0
DA:35,0
DA:36,0
DA:39,0
DA:52,0
DA:54,0
DA:58,1
DA:59,0
DA:60,0
DA:61,0
DA:64,0
DA:74,0
DA:98,0
DA:99,0
DA:115,0
DA:123,0
DA:136,0
DA:138,0
DA:142,1
DA:143,0
DA:144,0
DA:146,0
DA:171,0
DA:177,0
DA:181,1
DA:182,0
DA:183,0
DA:185,0
DA:223,0
DA:232,0
DA:233,0
DA:236,0
DA:245,0
DA:249,1
DA:250,0
DA:251,0
DA:252,0
DA:254,0
DA:255,0
DA:256,0
DA:258,0
DA:285,0
DA:292,0
DA:294,0
DA:298,1
DA:299,0
DA:300,0
DA:301,0
DA:303,0
DA:307,0
DA:308,0
DA:311,0
DA:322,0
DA:339,0
DA:341,0
DA:345,1
DA:346,0
DA:347,0
DA:348,0
DA:350,0
DA:352,0
DA:360,0
DA:361,0
DA:363,0
DA:364,0
DA:365,0
DA:366,0
DA:367,0
DA:368,0
DA:369,0
DA:371,0
DA:374,0
DA:379,0
DA:380,0
DA:382,0
DA:383,0
DA:387,1
DA:388,0
DA:389,0
DA:390,0
DA:392,0
DA:400,0
DA:401,0
DA:404,0
DA:409,0
DA:411,0
DA:415,1
DA:416,0
DA:417,0
DA:419,0
DA:432,0
DA:444,0
DA:446,0
DA:450,1
DA:451,0
DA:452,0
DA:453,0
DA:455,0
DA:457,0
DA:458,0
DA:459,0
DA:460,0
DA:463,0
DA:484,0
DA:498,0
DA:500,0
DA:504,1
DA:505,0
DA:506,0
DA:511,0
DA:514,0
DA:518,0
DA:519,0
DA:527,0
DA:549,0
DA:550,0
DA:558,0
DA:568,0
DA:578,0
DA:582,1
DA:583,0
DA:584,0
DA:585,0
DA:586,0
DA:589,0
DA:596,0
DA:597,0
DA:601,0
DA:602,0
DA:603,0
DA:604,0
DA:605,0
DA:606,0
DA:607,0
DA:608,0
DA:610,0
DA:616,0
DA:618,0
DA:625,0
DA:626,0
DA:631,0
DA:641,0
DA:643,0
DA:647,1
DA:648,0
DA:649,0
DA:650,0
DA:652,0
DA:659,0
DA:660,0
DA:664,0
DA:673,0
DA:674,0
DA:677,0
DA:681,0
DA:683,0
DA:687,1
DA:688,0
DA:689,0
DA:690,0
DA:692,0
DA:706,0
DA:715,0
DA:717,0
DA:721,1
DA:722,0
DA:723,0
DA:725,0
DA:739,0
DA:741,0
DA:745,1
DA:746,0
DA:747,0
DA:748,0
DA:750,0
DA:757,0
DA:758,0
DA:761,0
DA:770,0
DA:772,0
DA:776,1
DA:777,0
DA:778,0
DA:779,0
DA:780,0
DA:782,0
DA:792,0
DA:793,0
DA:798,0
DA:800,0
DA:801,0
DA:804,0
DA:813,0
DA:818,0
DA:822,1
DA:823,0
DA:824,0
DA:825,0
DA:827,0
DA:834,0
DA:835,0
DA:838,0
DA:847,0
DA:849,0
DA:853,1
DA:854,0
DA:855,0
DA:856,0
DA:857,0
DA:859,0
DA:866,0
DA:867,0
DA:870,0
DA:879,0
DA:881,0
DA:885,1
DA:886,0
DA:887,0
DA:890,0
DA:926,0
DA:927,0
DA:933,0
DA:939,0
DA:945,0
DA:947,0
DA:949,0
DA:953,1
LF:242
LH:26
BRDA:35,0,0,0
BRDA:35,0,1,0
BRDA:42,1,0,0
BRDA:42,1,1,0
BRDA:42,2,0,0
BRDA:42,2,1,0
BRDA:42,3,0,0
BRDA:42,3,1,0
BRDA:98,4,0,0
BRDA:98,4,1,0
BRDA:126,5,0,0
BRDA:126,5,1,0
BRDA:126,6,0,0
BRDA:126,6,1,0
BRDA:126,7,0,0
BRDA:126,7,1,0
BRDA:174,8,0,0
BRDA:174,8,1,0
BRDA:232,9,0,0
BRDA:232,9,1,0
BRDA:242,10,0,0
BRDA:242,10,1,0
BRDA:288,11,0,0
BRDA:288,11,1,0
BRDA:307,12,0,0
BRDA:307,12,1,0
BRDA:307,13,0,0
BRDA:307,13,1,0
BRDA:326,14,0,0
BRDA:326,14,1,0
BRDA:326,15,0,0
BRDA:326,15,1,0
BRDA:326,16,0,0
BRDA:326,16,1,0
BRDA:360,17,0,0
BRDA:360,17,1,0
BRDA:365,18,0,0
BRDA:365,18,1,0
BRDA:400,19,0,0
BRDA:400,19,1,0
BRDA:434,20,0,0
BRDA:434,20,1,0
BRDA:438,21,0,0
BRDA:438,21,1,0
BRDA:438,22,0,0
BRDA:438,22,1,0
BRDA:438,23,0,0
BRDA:438,23,1,0
BRDA:457,24,0,0
BRDA:457,24,1,0
BRDA:459,25,0,0
BRDA:459,25,1,0
BRDA:494,26,0,0
BRDA:494,26,1,0
BRDA:518,27,0,0
BRDA:518,27,1,0
BRDA:522,28,0,0
BRDA:522,28,1,0
BRDA:534,29,0,0
BRDA:534,29,1,0
BRDA:535,30,0,0
BRDA:535,30,1,0
BRDA:539,31,0,0
BRDA:539,31,1,0
BRDA:540,32,0,0
BRDA:540,32,1,0
BRDA:542,33,0,0
BRDA:542,33,1,0
BRDA:543,34,0,0
BRDA:543,34,1,0
BRDA:549,35,0,0
BRDA:549,35,1,0
BRDA:596,36,0,0
BRDA:596,36,1,0
BRDA:602,37,0,0
BRDA:602,37,1,0
BRDA:603,38,0,0
BRDA:603,38,1,0
BRDA:604,39,0,0
BRDA:604,39,1,0
BRDA:605,40,0,0
BRDA:605,40,1,0
BRDA:606,41,0,0
BRDA:606,41,1,0
BRDA:607,42,0,0
BRDA:607,42,1,0
BRDA:608,43,0,0
BRDA:608,43,1,0
BRDA:616,44,0,0
BRDA:616,44,1,0
BRDA:625,45,0,0
BRDA:625,45,1,0
BRDA:659,46,0,0
BRDA:659,46,1,0
BRDA:673,47,0,0
BRDA:673,47,1,0
BRDA:690,48,0,0
BRDA:710,49,0,0
BRDA:710,49,1,0
BRDA:710,50,0,0
BRDA:710,50,1,0
BRDA:710,51,0,0
BRDA:710,51,1,0
BRDA:757,52,0,0
BRDA:757,52,1,0
BRDA:792,53,0,0
BRDA:792,53,1,0
BRDA:798,54,0,0
BRDA:798,54,1,0
BRDA:800,55,0,0
BRDA:800,55,1,0
BRDA:806,56,0,0
BRDA:806,56,1,0
BRDA:834,57,0,0
BRDA:834,57,1,0
BRDA:866,58,0,0
BRDA:866,58,1,0
BRDA:936,59,0,0
BRDA:936,59,1,0
BRF:119
BRH:0
end_of_record
TN:
SF:backend/src/lib/prisma.js
FNF:0
FNH:0
DA:1,1
DA:4,1
DA:6,1
LF:3
LH:3
BRF:0
BRH:0
end_of_record
TN:
SF:backend/src/middleware/authMiddleware.js
FN:4,(anonymous_0)
FN:63,(anonymous_1)
FN:64,(anonymous_2)
FNF:3
FNH:2
FNDA:60,(anonymous_0)
FNDA:6,(anonymous_1)
FNDA:0,(anonymous_2)
DA:1,1
DA:2,1
DA:4,1
DA:5,60
DA:7,60
DA:8,60
DA:9,60
DA:16,60
DA:17,60
DA:18,60
DA:21,0
DA:26,0
DA:29,0
DA:31,0
DA:32,0
DA:35,0
DA:36,0
DA:38,0
DA:46,0
DA:47,0
DA:50,0
DA:51,0
DA:53,0
DA:54,0
DA:56,0
DA:57,0
DA:59,0
DA:63,1
DA:64,6
DA:65,0
DA:66,0
DA:69,0
DA:70,0
DA:73,0
DA:77,1
LF:35
LH:13
BRDA:7,0,0,60
BRDA:7,0,1,0
BRDA:7,1,0,60
BRDA:7,1,1,60
BRDA:16,2,0,60
BRDA:16,2,1,0
BRDA:31,3,0,0
BRDA:31,3,1,0
BRDA:31,4,0,0
BRDA:31,4,1,0
BRDA:36,5,0,0
BRDA:36,5,1,0
BRDA:46,6,0,0
BRDA:46,6,1,0
BRDA:46,7,0,0
BRDA:46,7,1,0
BRDA:53,8,0,0
BRDA:53,8,1,0
BRDA:56,9,0,0
BRDA:56,9,1,0
BRDA:65,10,0,0
BRDA:65,10,1,0
BRDA:69,11,0,0
BRDA:69,11,1,0
BRF:24
BRH:4
end_of_record
TN:
SF:backend/src/routes/authRoutes.js
FNF:0
FNH:0
DA:1,1
DA:2,1
DA:3,1
DA:5,1
DA:7,1
DA:8,1
DA:9,1
DA:11,1
LF:8
LH:8
BRF:0
BRH:0
end_of_record
TN:
SF:backend/src/routes/bookingRoutes.js
FNF:0
FNH:0
DA:1,1
DA:2,1
DA:13,1
DA:15,1
DA:17,1
DA:18,1
DA:19,1
DA:20,1
DA:21,1
DA:22,1
DA:23,1
DA:24,1
DA:25,1
DA:27,1
LF:14
LH:14
BRF:0
BRH:0
end_of_record
TN:
SF:backend/src/routes/businessRoutes.js
FNF:0
FNH:0
DA:1,1
DA:7,1
DA:9,1
DA:11,1
DA:12,1
DA:13,1
DA:14,1
DA:16,1
LF:8
LH:8
BRF:0
BRH:0
end_of_record
TN:
SF:backend/src/routes/carRoutes.js
FNF:0
FNH:0
DA:1,1
DA:2,1
DA:3,1
DA:5,1
DA:7,1
DA:9,1
LF:6
LH:6
BRF:0
BRH:0
end_of_record
TN:
SF:backend/src/routes/complaintRoutes.js
FNF:0
FNH:0
DA:1,1
DA:2,1
DA:8,1
DA:10,1
DA:13,1
DA:14,1
DA:17,1
DA:18,1
DA:20,1
LF:9
LH:9
BRF:0
BRH:0
end_of_record
TN:
SF:backend/src/routes/customerRoutes.js
FNF:0
FNH:0
DA:2,1
DA:3,1
DA:9,1
DA:11,1
DA:14,1
DA:15,1
DA:17,1
DA:18,1
DA:19,1
DA:20,1
DA:22,1
LF:11
LH:11
BRF:0
BRH:0
end_of_record
TN:
SF:backend/src/routes/ownerRoutes.js
FNF:0
FNH:0
DA:2,1
DA:3,1
DA:25,1
DA:26,1
DA:28,1
DA:29,1
DA:32,1
DA:33,1
DA:36,1
DA:37,1
DA:38,1
DA:41,1
DA:42,1
DA:45,1
DA:46,1
DA:47,1
DA:50,1
DA:53,1
DA:54,1
DA:55,1
DA:56,1
DA:59,1
DA:62,1
DA:63,1
DA:64,1
DA:65,1
DA:66,1
DA:69,1
DA:71,1
LF:29
LH:29
BRF:0
BRH:0
end_of_record
TN:
SF:scripts/archive-messages.js
FN:6,main
FNF:1
FNH:1
FNDA:3,main
DA:2,3
DA:4,3
DA:7,3
DA:8,3
DA:9,3
DA:12,3
DA:20,3
DA:21,3
DA:22,2
DA:24,2
DA:29,2
DA:30,2
DA:31,2
DA:33,1
DA:34,1
DA:35,1
DA:36,1
DA:38,3
DA:42,3
DA:43,0
DA:46,3
LF:21
LH:20
BRDA:34,0,0,1
BRDA:34,0,1,0
BRDA:34,1,0,1
BRDA:34,1,1,1
BRDA:42,2,0,0
BRDA:42,2,1,3
BRF:6
BRH:4
end_of_record
